<?xml version="1.0" encoding="UTF-8"?>
<!-- Generated by org.testng.reporters.JUnitXMLReporter -->
<testsuite ignored="1" hostname="c-6XPN8C3" failures="1" tests="9" name="Automation Testcases" time="103.516" errors="0" timestamp="03 Aug 2021 10:58:09 GMT">
  <testcase classname="com.pomsample.qa.testcases.LoginPageTest" name="loginPagetitleTest" time="0.009"/>
  <testcase classname="com.pomsample.qa.testcases.LoginPageTest" name="emsLogoTest" time="3.902"/>
  <testcase classname="com.pomsample.qa.testcases.LoginPageTest" name="loginTest" time="6.44"/>
  <testcase classname="com.pomsample.qa.testcases.HomePageTest" name="verifyHomePageTitleTest" time="0.007"/>
  <testcase classname="com.pomsample.qa.testcases.HomePageTest" name="validateLogoutLinkTest" time="1.973"/>
  <testcase classname="com.pomsample.qa.testcases.HomePageTest" name="validateEntLinkTest" time="1.649"/>
  <testcase classname="com.pomsample.qa.testcases.HomePageTest" name="validateVisibleHelpLinkTest" time="1.676"/>
  <testcase classname="com.pomsample.qa.testcases.HomePageTest" name="verifyLogOutLinkTest" time="1.693"/>
  <testcase classname="com.pomsample.qa.testcases.HomePageTest" name="validateClickAdminLinkTest" time="0.001">
    <failure type="java.lang.AssertionError" message="expected [true] but found [false]">
      <![CDATA[java.lang.AssertionError: expected [true] but found [false]
at com.pomsample.qa.testcases.HomePageTest.validateClickAdminLinkTest(HomePageTest.java:45)
... Removed 29 stack frames]]>
    </failure>
  </testcase> <!-- validateClickAdminLinkTest -->
  <testcase classname="com.pomsample.qa.testcases.LoginPageTest" name="copyRightTextTest" time="0.0">
    <ignored/>
  </testcase> <!-- copyRightTextTest -->
</testsuite> <!-- Automation Testcases -->
